  % Total    % Received % Xferd  Average Speed   Time    Time     Time  Current
                                 Dload  Upload   Total   Spent    Left  Speed
  0     0    0     0    0     0      0      0 --:--:-- --:--:-- --:--:--     0*   Trying 18.222.174.92:80...
* Connected to ec2-18-222-174-92.us-east-2.compute.amazonaws.com (18.222.174.92) port 80 (#0)
> GET / HTTP/1.1
> Host: ec2-18-222-174-92.us-east-2.compute.amazonaws.com
> User-Agent: curl/7.79.1
> Accept: */*
> Cookie: login=eyJsb2duYW1lIjoiYXdkZW9yaW8ifQ.Y0uFFw._p_wcA4CQjjkujjJrl-psfqhmEU
> 
* Mark bundle as not supporting multiuse
< HTTP/1.1 200 OK
< Server: nginx/1.18.0 (Ubuntu)
< Date: Sun, 16 Oct 2022 04:15:18 GMT
< Content-Type: text/html; charset=utf-8
< Content-Length: 584
< Connection: keep-alive
< Vary: Cookie
< 
{ [584 bytes data]
100   584  100   584    0     0   6245      0 --:--:-- --:--:-- --:--:--  7209
* Connection #0 to host ec2-18-222-174-92.us-east-2.compute.amazonaws.com left intact
