  % Total    % Received % Xferd  Average Speed   Time    Time     Time  Current
                                 Dload  Upload   Total   Spent    Left  Speed
  0     0    0     0    0     0      0      0 --:--:-- --:--:-- --:--:--     0*   Trying 18.222.174.92:80...
* Connected to ec2-18-222-174-92.us-east-2.compute.amazonaws.com (18.222.174.92) port 80 (#0)
  0     0    0     0    0     0      0      0 --:--:-- --:--:-- --:--:--     0> GET /static/js/bundle.js HTTP/1.1
> Host: ec2-18-222-174-92.us-east-2.compute.amazonaws.com
> User-Agent: curl/7.79.1
> Accept: */*
> Cookie: login=eyJsb2duYW1lIjoiYXdkZW9yaW8ifQ.Y0v2KQ.QNGSm9s6BOKVLmItjywzr-imwvo
> 
* Mark bundle as not supporting multiuse
< HTTP/1.1 200 OK
< Server: nginx/1.18.0 (Ubuntu)
< Date: Sun, 16 Oct 2022 12:18:01 GMT
< Content-Type: text/javascript; charset=utf-8
< Content-Length: 1145376
< Connection: keep-alive
< Content-Disposition: inline; filename=bundle.js
< Last-Modified: Sun, 16 Oct 2022 12:15:13 GMT
< Cache-Control: no-cache
< 
{ [6938 bytes data]
100 1118k  100 1118k    0     0  2414k      0 --:--:-- --:--:-- --:--:-- 2452k
* Connection #0 to host ec2-18-222-174-92.us-east-2.compute.amazonaws.com left intact
